<?xml version="1.0" encoding="UTF-8"?>
<!-- Generated by org.testng.reporters.JUnitReportReporter -->
<testsuite hostname="Anna" failures="0" tests="1" name="testCases.TC_001_AccountRegistration" time="5.349" errors="0" timestamp="2021-12-08T12:03:18 EST" skipped="0">
  <testcase classname="testCases.TC_001_AccountRegistration" name="test_account_Registration" time="5.349"/>
  <system-out/>
</testsuite> <!-- testCases.TC_001_AccountRegistration -->
