<?xml version="1.0" encoding="UTF-8"?>
<!-- Generated by org.testng.reporters.JUnitReportReporter -->
<testsuite hostname="Anna" failures="0" tests="1" name="testCases.TC_002_Login" time="5.790" errors="0" timestamp="2021-12-08T12:01:24 EST" skipped="0">
  <testcase classname="testCases.TC_002_Login" name="test_Login" time="5.790"/>
  <system-out/>
</testsuite> <!-- testCases.TC_002_Login -->
