<?xml version="1.0" encoding="UTF-8"?>
<!-- Generated by org.testng.reporters.JUnitReportReporter -->
<testsuite skipped="0" hostname="Anna" name="testCases.TC_001_AccountRegistration" tests="1" failures="0" timestamp="2021-12-09T10:02:51 EST" time="5.805" errors="0">
  <testcase name="test_account_Registration" time="5.805" classname="testCases.TC_001_AccountRegistration"/>
  <system-out/>
</testsuite> <!-- testCases.TC_001_AccountRegistration -->
